<?xml version="1.0" encoding="UTF-8"?>
<!-- Generated by org.testng.reporters.JUnitReportReporter -->
<testsuite skipped="0" hostname="DESKTOP-HDQ3RO9" name="com.test.HttpRequest" tests="5" failures="0" timestamp="22 May 2023 06:43:27 GMT" time="14.231" errors="0">
  <testcase name="getUser" time="6.419" classname="com.test.HttpRequest"/>
  <testcase name="getlistUser" time="0.922" classname="com.test.HttpRequest"/>
  <testcase name="postUser" time="5.062" classname="com.test.HttpRequest"/>
  <testcase name="updateUser" time="0.922" classname="com.test.HttpRequest"/>
  <testcase name="deleteUser" time="0.906" classname="com.test.HttpRequest"/>
</testsuite> <!-- com.test.HttpRequest -->
