<?xml version="1.0" encoding="UTF-8"?>
<!-- Generated by org.testng.reporters.JUnitReportReporter -->
<testsuite skipped="0" hostname="DESKTOP-HDQ3RO9" name="com.test.User" tests="1" failures="0" timestamp="24 May 2023 12:24:26 GMT" time="12.257" errors="0">
  <testcase name="postUser" time="12.257" classname="com.test.User"/>
</testsuite> <!-- com.test.User -->
