<?xml version="1.0" encoding="UTF-8"?>
<!-- Generated by org.testng.reporters.JUnitReportReporter -->
<testsuite skipped="0" hostname="DESKTOP-HDQ3RO9" name="com.test.Parameters" tests="1" failures="0" timestamp="22 May 2023 11:17:40 GMT" time="16.799" errors="0">
  <testcase name="pathParam" time="16.799" classname="com.test.Parameters"/>
</testsuite> <!-- com.test.Parameters -->
